TN:
SF:src/eventEmitterClient.ts
FN:7,(anonymous_0)
FN:10,(anonymous_1)
FNF:2
FNH:2
FNDA:2,(anonymous_0)
FNDA:2,(anonymous_1)
DA:1,1
DA:6,1
DA:8,2
DA:9,2
DA:10,2
DA:11,2
DA:12,2
LF:7
LH:7
BRF:0
BRH:0
end_of_record
TN:
SF:src/eventEmitterServer.ts
FN:14,(anonymous_0)
FN:18,(anonymous_1)
FN:22,(anonymous_2)
FN:26,(anonymous_3)
FN:81,(anonymous_4)
FN:87,(anonymous_5)
FN:92,(anonymous_6)
FN:93,(anonymous_7)
FNF:8
FNH:1
FNDA:5,(anonymous_0)
FNDA:0,(anonymous_1)
FNDA:0,(anonymous_2)
FNDA:0,(anonymous_3)
FNDA:0,(anonymous_4)
FNDA:0,(anonymous_5)
FNDA:0,(anonymous_6)
FNDA:0,(anonymous_7)
DA:2,1
DA:4,1
DA:5,1
DA:11,1
DA:15,5
DA:17,5
DA:18,5
DA:19,0
DA:21,0
DA:22,0
DA:23,0
DA:26,0
DA:27,0
DA:29,0
DA:31,0
DA:32,0
DA:33,0
DA:35,0
DA:39,0
DA:40,0
DA:42,0
DA:44,0
DA:48,0
DA:49,0
DA:51,0
DA:53,0
DA:55,0
DA:56,0
DA:58,0
DA:60,0
DA:62,0
DA:63,0
DA:65,0
DA:67,0
DA:68,0
DA:70,0
DA:76,0
DA:77,0
DA:78,0
DA:81,0
DA:82,0
DA:83,0
DA:87,0
DA:88,0
DA:93,0
DA:94,0
LF:46
LH:7
BRDA:34,0,0,0
BRDA:34,0,1,0
BRDA:34,0,2,0
BRDA:34,0,3,0
BRDA:34,0,4,0
BRDA:39,1,0,0
BRDA:39,1,1,0
BRDA:48,2,0,0
BRDA:48,2,1,0
BRDA:55,3,0,0
BRDA:55,3,1,0
BRDA:62,4,0,0
BRDA:62,4,1,0
BRDA:72,5,0,0
BRDA:72,5,1,0
BRDA:82,6,0,0
BRDA:82,6,1,0
BRF:17
BRH:0
end_of_record
TN:
SF:src/notes.ts
FN:26,(anonymous_0)
FN:34,(anonymous_1)
FN:51,(anonymous_2)
FN:74,(anonymous_3)
FN:104,(anonymous_4)
FN:123,(anonymous_5)
FN:141,(anonymous_6)
FN:144,(anonymous_7)
FN:159,(anonymous_8)
FNF:9
FNH:2
FNDA:1,(anonymous_0)
FNDA:5,(anonymous_1)
FNDA:0,(anonymous_2)
FNDA:0,(anonymous_3)
FNDA:0,(anonymous_4)
FNDA:0,(anonymous_5)
FNDA:0,(anonymous_6)
FNDA:0,(anonymous_7)
FNDA:0,(anonymous_8)
DA:1,1
DA:2,1
DA:3,1
DA:4,1
DA:5,1
DA:6,1
DA:7,1
DA:8,1
DA:14,1
DA:21,1
DA:35,5
DA:36,1
DA:38,5
DA:53,0
DA:54,0
DA:55,0
DA:56,0
DA:57,0
DA:59,0
DA:60,0
DA:76,0
DA:77,0
DA:78,0
DA:79,0
DA:81,0
DA:82,0
DA:83,0
DA:84,0
DA:85,0
DA:86,0
DA:88,0
DA:89,0
DA:92,0
DA:93,0
DA:94,0
DA:105,0
DA:106,0
DA:107,0
DA:108,0
DA:110,0
DA:111,0
DA:112,0
DA:114,0
DA:124,0
DA:125,0
DA:126,0
DA:127,0
DA:129,0
DA:130,0
DA:132,0
DA:133,0
DA:142,0
DA:143,0
DA:144,0
DA:145,0
DA:146,0
DA:147,0
DA:148,0
DA:150,0
DA:160,0
DA:161,0
DA:162,0
DA:164,0
LF:63
LH:13
BRDA:35,0,0,1
BRDA:35,0,1,4
BRDA:56,1,0,0
BRDA:56,1,1,0
BRDA:78,2,0,0
BRDA:78,2,1,0
BRDA:85,3,0,0
BRDA:85,3,1,0
BRDA:88,4,0,0
BRDA:88,4,1,0
BRDA:107,5,0,0
BRDA:107,5,1,0
BRDA:111,6,0,0
BRDA:111,6,1,0
BRDA:126,7,0,0
BRDA:126,7,1,0
BRDA:161,8,0,0
BRDA:161,8,1,0
BRF:18
BRH:2
end_of_record
