TN:
SF:src/eventEmitterClient.ts
FN:7,(anonymous_0)
FN:10,(anonymous_1)
FNF:2
FNH:2
FNDA:2,(anonymous_0)
FNDA:2,(anonymous_1)
DA:1,1
DA:6,1
DA:8,2
DA:9,2
DA:10,2
DA:11,2
DA:12,2
LF:7
LH:7
BRF:0
BRH:0
end_of_record
TN:
SF:src/eventEmitterServer.ts
FN:14,(anonymous_0)
FN:18,(anonymous_1)
FN:22,(anonymous_2)
FN:26,(anonymous_3)
FN:81,(anonymous_4)
FN:87,(anonymous_5)
FN:92,(anonymous_6)
FN:93,(anonymous_7)
FNF:8
FNH:1
FNDA:5,(anonymous_0)
FNDA:0,(anonymous_1)
FNDA:0,(anonymous_2)
FNDA:0,(anonymous_3)
FNDA:0,(anonymous_4)
FNDA:0,(anonymous_5)
FNDA:0,(anonymous_6)
FNDA:0,(anonymous_7)
DA:2,1
DA:4,1
DA:5,1
DA:11,1
DA:15,5
DA:17,5
DA:18,5
DA:19,0
DA:21,0
DA:22,0
DA:23,0
DA:26,0
DA:27,0
DA:29,0
DA:31,0
DA:32,0
DA:33,0
DA:35,0
DA:39,0
DA:40,0
DA:42,0
DA:44,0
DA:48,0
DA:49,0
DA:51,0
DA:53,0
DA:55,0
DA:56,0
DA:58,0
DA:60,0
DA:62,0
DA:63,0
DA:65,0
DA:67,0
DA:68,0
DA:70,0
DA:76,0
DA:77,0
DA:78,0
DA:81,0
DA:82,0
DA:83,0
DA:87,0
DA:88,0
DA:93,0
DA:94,0
LF:46
LH:7
BRDA:34,0,0,0
BRDA:34,0,1,0
BRDA:34,0,2,0
BRDA:34,0,3,0
BRDA:34,0,4,0
BRDA:39,1,0,0
BRDA:39,1,1,0
BRDA:48,2,0,0
BRDA:48,2,1,0
BRDA:55,3,0,0
BRDA:55,3,1,0
BRDA:62,4,0,0
BRDA:62,4,1,0
BRDA:72,5,0,0
BRDA:72,5,1,0
BRDA:82,6,0,0
BRDA:82,6,1,0
BRF:17
BRH:0
end_of_record
TN:
SF:src/notes.ts
FN:26,(anonymous_0)
FN:34,(anonymous_1)
FN:51,(anonymous_2)
FN:74,(anonymous_3)
FN:104,(anonymous_4)
FN:123,(anonymous_5)
FN:141,(anonymous_6)
FN:144,(anonymous_7)
FN:159,(anonymous_8)
FNF:9
FNH:9
FNDA:1,(anonymous_0)
FNDA:7,(anonymous_1)
FNDA:8,(anonymous_2)
FNDA:3,(anonymous_3)
FNDA:8,(anonymous_4)
FNDA:2,(anonymous_5)
FNDA:1,(anonymous_6)
FNDA:2,(anonymous_7)
FNDA:22,(anonymous_8)
DA:1,1
DA:2,1
DA:3,1
DA:4,1
DA:5,1
DA:6,1
DA:7,1
DA:8,1
DA:14,1
DA:21,1
DA:35,7
DA:36,1
DA:38,7
DA:53,8
DA:54,8
DA:55,8
DA:56,8
DA:57,1
DA:59,7
DA:60,7
DA:76,3
DA:77,3
DA:78,3
DA:79,1
DA:81,2
DA:82,2
DA:83,2
DA:84,2
DA:85,2
DA:86,1
DA:88,2
DA:89,2
DA:92,2
DA:93,2
DA:94,2
DA:105,8
DA:106,8
DA:107,8
DA:108,1
DA:110,7
DA:111,7
DA:112,7
DA:114,7
DA:124,2
DA:125,2
DA:126,2
DA:127,1
DA:129,1
DA:130,1
DA:132,1
DA:133,1
DA:142,1
DA:143,1
DA:144,1
DA:145,2
DA:146,2
DA:147,2
DA:148,2
DA:150,1
DA:160,22
DA:161,22
DA:162,7
DA:164,22
LF:63
LH:63
BRDA:35,0,0,1
BRDA:35,0,1,6
BRDA:56,1,0,1
BRDA:56,1,1,7
BRDA:78,2,0,1
BRDA:78,2,1,2
BRDA:85,3,0,1
BRDA:85,3,1,1
BRDA:88,4,0,2
BRDA:88,4,1,0
BRDA:107,5,0,1
BRDA:107,5,1,7
BRDA:111,6,0,7
BRDA:111,6,1,0
BRDA:126,7,0,1
BRDA:126,7,1,1
BRDA:161,8,0,7
BRDA:161,8,1,15
BRF:18
BRH:16
end_of_record
